[2023-02-07T18:25:11.527] [WARN] warnArchive - Estado: 404, Ruta consultada: /, Metodo GET
[2023-02-07T18:25:13.940] [WARN] warnArchive - Estado: 404, Ruta consultada: /favicon.ico, Metodo GET
[2023-02-07T18:25:22.198] [WARN] warnArchive - Estado: 404, Ruta consultada: /login, Metodo GET
[2023-02-07T18:25:22.571] [WARN] warnArchive - Estado: 404, Ruta consultada: /favicon.ico, Metodo GET
[2023-02-07T18:25:25.407] [WARN] warnArchive - Estado: 404, Ruta consultada: /, Metodo GET
[2023-02-07T18:25:25.884] [WARN] warnArchive - Estado: 404, Ruta consultada: /favicon.ico, Metodo GET
[2023-02-07T18:25:27.711] [WARN] warnArchive - Estado: 404, Ruta consultada: /login, Metodo GET
[2023-02-07T18:25:28.201] [WARN] warnArchive - Estado: 404, Ruta consultada: /favicon.ico, Metodo GET
[2023-02-07T18:32:28.794] [WARN] warnArchive - Estado: 404, Ruta consultada: /, Metodo GET
[2023-02-07T18:32:30.145] [WARN] warnArchive - Estado: 404, Ruta consultada: /favicon.ico, Metodo GET
[2023-02-07T18:35:59.093] [WARN] warnArchive - Estado: 404, Ruta consultada: /, Metodo GET
[2023-02-07T18:35:59.584] [WARN] warnArchive - Estado: 404, Ruta consultada: /favicon.ico, Metodo GET
[2023-02-07T18:37:15.527] [WARN] warnArchive - Estado: 404, Ruta consultada: /login, Metodo GET
[2023-02-07T18:37:16.022] [WARN] warnArchive - Estado: 404, Ruta consultada: /favicon.ico, Metodo GET
[2023-02-07T18:37:23.396] [WARN] warnArchive - Estado: 404, Ruta consultada: /, Metodo GET
[2023-02-07T18:37:23.893] [WARN] warnArchive - Estado: 404, Ruta consultada: /favicon.ico, Metodo GET
[2023-02-07T18:37:25.986] [WARN] warnArchive - Estado: 404, Ruta consultada: /login, Metodo GET
[2023-02-07T18:37:26.492] [WARN] warnArchive - Estado: 404, Ruta consultada: /favicon.ico, Metodo GET
[2023-02-07T18:37:29.025] [WARN] warnArchive - Estado: 404, Ruta consultada: /, Metodo GET
[2023-02-07T18:37:29.509] [WARN] warnArchive - Estado: 404, Ruta consultada: /favicon.ico, Metodo GET
[2023-02-07T18:37:29.788] [WARN] warnArchive - Estado: 404, Ruta consultada: /login, Metodo GET
[2023-02-07T18:37:30.288] [WARN] warnArchive - Estado: 404, Ruta consultada: /favicon.ico, Metodo GET
[2023-02-07T18:39:37.073] [WARN] warnArchive - Estado: 404, Ruta consultada: /login, Metodo GET
[2023-02-07T18:39:37.586] [WARN] warnArchive - Estado: 404, Ruta consultada: /favicon.ico, Metodo GET
[2023-02-07T18:39:38.308] [WARN] warnArchive - Estado: 404, Ruta consultada: /login, Metodo GET
[2023-02-07T18:39:38.812] [WARN] warnArchive - Estado: 404, Ruta consultada: /favicon.ico, Metodo GET
[2023-02-07T18:39:39.879] [WARN] warnArchive - Estado: 404, Ruta consultada: /login, Metodo GET
[2023-02-07T18:39:39.982] [WARN] warnArchive - Estado: 404, Ruta consultada: /, Metodo GET
[2023-02-07T18:39:40.470] [WARN] warnArchive - Estado: 404, Ruta consultada: /favicon.ico, Metodo GET
[2023-02-07T18:39:41.319] [WARN] warnArchive - Estado: 404, Ruta consultada: /login, Metodo GET
[2023-02-07T18:39:41.695] [WARN] warnArchive - Estado: 404, Ruta consultada: /favicon.ico, Metodo GET
[2023-02-07T18:39:48.964] [WARN] warnArchive - Estado: 404, Ruta consultada: /loginfsfd, Metodo GET
[2023-02-07T18:39:49.342] [WARN] warnArchive - Estado: 404, Ruta consultada: /favicon.ico, Metodo GET
[2023-02-07T18:42:06.143] [WARN] warnArchive - Estado: 404, Ruta consultada: /loginfsfd, Metodo GET
[2023-02-07T18:42:06.695] [WARN] warnArchive - Estado: 404, Ruta consultada: /favicon.ico, Metodo GET
[2023-02-07T18:42:12.628] [WARN] warnArchive - Estado: 404, Ruta consultada: /, Metodo GET
[2023-02-07T18:42:13.129] [WARN] warnArchive - Estado: 404, Ruta consultada: /favicon.ico, Metodo GET
[2023-02-07T18:45:15.635] [WARN] warnArchive - Estado: 404, Ruta consultada: /, Metodo GET
[2023-02-07T18:45:17.813] [WARN] warnArchive - Estado: 404, Ruta consultada: /favicon.ico, Metodo GET
[2023-02-07T18:45:19.513] [WARN] warnArchive - Estado: 404, Ruta consultada: /, Metodo GET
[2023-02-07T18:45:20.011] [WARN] warnArchive - Estado: 404, Ruta consultada: /favicon.ico, Metodo GET
[2023-02-07T18:45:20.806] [WARN] warnArchive - Estado: 404, Ruta consultada: /, Metodo GET
[2023-02-07T18:45:21.290] [WARN] warnArchive - Estado: 404, Ruta consultada: /favicon.ico, Metodo GET
[2023-02-07T18:45:21.964] [WARN] warnArchive - Estado: 404, Ruta consultada: /, Metodo GET
[2023-02-07T18:45:22.444] [WARN] warnArchive - Estado: 404, Ruta consultada: /favicon.ico, Metodo GET
[2023-02-07T18:45:23.153] [WARN] warnArchive - Estado: 404, Ruta consultada: /, Metodo GET
[2023-02-07T18:45:23.689] [WARN] warnArchive - Estado: 404, Ruta consultada: /favicon.ico, Metodo GET
[2023-02-07T18:45:24.298] [WARN] warnArchive - Estado: 404, Ruta consultada: /, Metodo GET
[2023-02-07T18:45:24.794] [WARN] warnArchive - Estado: 404, Ruta consultada: /favicon.ico, Metodo GET
[2023-02-07T18:46:07.526] [WARN] warnArchive - Estado: 404, Ruta consultada: /, Metodo GET
[2023-02-07T18:46:07.872] [WARN] warnArchive - Estado: 404, Ruta consultada: /, Metodo GET
[2023-02-07T18:46:08.368] [WARN] warnArchive - Estado: 404, Ruta consultada: /favicon.ico, Metodo GET
[2023-02-07T18:46:09.597] [WARN] warnArchive - Estado: 404, Ruta consultada: /, Metodo GET
[2023-02-07T18:46:10.089] [WARN] warnArchive - Estado: 404, Ruta consultada: /favicon.ico, Metodo GET
[2023-02-07T18:46:13.350] [WARN] warnArchive - Estado: 404, Ruta consultada: /, Metodo GET
[2023-02-07T18:46:13.892] [WARN] warnArchive - Estado: 404, Ruta consultada: /favicon.ico, Metodo GET
[2023-02-07T18:46:15.254] [WARN] warnArchive - Estado: 404, Ruta consultada: /, Metodo GET
[2023-02-07T18:46:15.740] [WARN] warnArchive - Estado: 404, Ruta consultada: /favicon.ico, Metodo GET
[2023-02-07T19:09:06.987] [WARN] warnArchive - Estado: 404, Ruta consultada: /avatar/1675789599800-profile%20leandro%20-%20fiverr.jpg, Metodo GET
[2023-02-08T17:35:02.516] [WARN] warnArchive - Estado: 404, Ruta consultada: /assets/img/home.JPG, Metodo GET
[2023-02-08T17:35:17.549] [WARN] warnArchive - Estado: 404, Ruta consultada: /assets/img/home.jpg, Metodo GET
[2023-02-08T17:35:50.240] [WARN] warnArchive - Estado: 404, Ruta consultada: /assets/img/home.jpg, Metodo GET
[2023-02-08T17:35:53.358] [WARN] warnArchive - Estado: 404, Ruta consultada: /assets/img/home.jpg, Metodo GET
[2023-02-08T17:37:28.517] [WARN] warnArchive - Estado: 404, Ruta consultada: /assets/img/home.jpg, Metodo GET
[2023-02-08T17:38:59.252] [WARN] warnArchive - Estado: 404, Ruta consultada: /home.jpg, Metodo GET
[2023-02-08T17:39:28.975] [WARN] warnArchive - Estado: 404, Ruta consultada: /home.jpg, Metodo GET
[2023-02-08T17:39:40.832] [WARN] warnArchive - Estado: 404, Ruta consultada: /home.jpg, Metodo GET
[2023-02-08T17:40:51.822] [WARN] warnArchive - Estado: 404, Ruta consultada: /home.jpg, Metodo GET
[2023-02-08T17:43:52.962] [WARN] warnArchive - Estado: 404, Ruta consultada: /public/profileImg/home.jpg'), Metodo GET
[2023-02-08T17:43:52.970] [WARN] warnArchive - Estado: 404, Ruta consultada: /profileImg/home.jpg'), Metodo GET
[2023-02-08T17:44:16.243] [WARN] warnArchive - Estado: 404, Ruta consultada: /public/profileImg/home.jpg, Metodo GET
[2023-02-08T17:59:25.553] [WARN] warnArchive - Estado: 404, Ruta consultada: /avatar/1675871934209-profile%20leandro%20-%20fiverr.jpg, Metodo GET
[2023-02-08T17:59:43.698] [WARN] warnArchive - Estado: 404, Ruta consultada: /avatar/1675871934209-profile%20leandro%20-%20fiverr.jpg, Metodo GET
[2023-02-08T18:01:22.524] [WARN] warnArchive - Estado: 404, Ruta consultada: /avatar/1675871934209-profile%20leandro%20-%20fiverr.jpg, Metodo GET
[2023-02-08T18:01:34.517] [WARN] warnArchive - Estado: 404, Ruta consultada: /index, Metodo GET
[2023-02-08T18:04:31.591] [WARN] warnArchive - Estado: 404, Ruta consultada: /profileImg/home.jpg, Metodo GET
[2023-02-08T18:09:09.795] [WARN] warnArchive - Estado: 404, Ruta consultada: /profileImg/1675871934209-profile%20leandro%20-%20fiverr.jpg, Metodo GET
[2023-02-08T18:09:43.068] [WARN] warnArchive - Estado: 404, Ruta consultada: /profileImg/1675871934209-profile%20leandro%20-%20fiverr.jpg, Metodo GET
[2023-02-12T18:54:59.891] [WARN] warnArchive - Estado: 404, Ruta consultada: /favicon.ico, Metodo GET
[2023-02-12T18:55:08.906] [WARN] warnArchive - Estado: 404, Ruta consultada: /favicon.ico, Metodo GET
[2023-02-12T18:55:23.353] [WARN] warnArchive - Estado: 404, Ruta consultada: /favicon.ico, Metodo GET
[2023-02-12T18:55:25.974] [WARN] warnArchive - Estado: 404, Ruta consultada: /favicon.ico, Metodo GET
[2023-02-12T18:55:34.860] [WARN] warnArchive - Estado: 404, Ruta consultada: /favicon.ico, Metodo GET
[2023-02-12T18:55:37.336] [WARN] warnArchive - Estado: 404, Ruta consultada: /favicon.ico, Metodo GET
[2023-02-12T18:55:50.360] [WARN] warnArchive - Estado: 404, Ruta consultada: /favicon.ico, Metodo GET
[2023-02-12T18:55:53.030] [WARN] warnArchive - Estado: 404, Ruta consultada: /favicon.ico, Metodo GET
[2023-02-12T18:55:55.910] [WARN] warnArchive - Estado: 404, Ruta consultada: /favicon.ico, Metodo GET
[2023-02-12T18:59:59.735] [WARN] warnArchive - Estado: 404, Ruta consultada: /favicon.ico, Metodo GET
[2023-02-12T19:00:02.546] [WARN] warnArchive - Estado: 404, Ruta consultada: /favicon.ico, Metodo GET
[2023-02-12T19:00:08.559] [WARN] warnArchive - Estado: 404, Ruta consultada: /favicon.ico, Metodo GET
[2023-02-12T19:00:12.568] [WARN] warnArchive - Estado: 404, Ruta consultada: /favicon.ico, Metodo GET
[2023-02-12T19:04:46.973] [WARN] warnArchive - Estado: 404, Ruta consultada: /favicon.ico, Metodo GET
[2023-02-12T19:08:26.148] [WARN] warnArchive - Estado: 404, Ruta consultada: /favicon.ico, Metodo GET
[2023-02-12T19:10:04.968] [WARN] warnArchive - Estado: 404, Ruta consultada: /favicon.ico, Metodo GET
[2023-02-12T19:10:17.374] [WARN] warnArchive - Estado: 404, Ruta consultada: /favicon.ico, Metodo GET
[2023-02-12T19:10:20.570] [WARN] warnArchive - Estado: 404, Ruta consultada: /favicon.ico, Metodo GET
[2023-02-12T19:10:26.432] [WARN] warnArchive - Estado: 404, Ruta consultada: /favicon.ico, Metodo GET
[2023-02-12T19:10:28.159] [WARN] warnArchive - Estado: 404, Ruta consultada: /favicon.ico, Metodo GET
[2023-02-12T19:11:02.515] [WARN] warnArchive - Estado: 404, Ruta consultada: /favicon.ico, Metodo GET
[2023-02-12T19:11:23.122] [WARN] warnArchive - Estado: 404, Ruta consultada: /favicon.ico, Metodo GET
[2023-02-12T19:11:42.575] [WARN] warnArchive - Estado: 404, Ruta consultada: /favicon.ico, Metodo GET
[2023-02-12T19:12:23.096] [WARN] warnArchive - Estado: 404, Ruta consultada: /favicon.ico, Metodo GET
[2023-02-12T19:12:34.771] [WARN] warnArchive - Estado: 404, Ruta consultada: /favicon.ico, Metodo GET
[2023-02-12T19:13:02.941] [WARN] warnArchive - Estado: 404, Ruta consultada: /favicon.ico, Metodo GET
[2023-02-12T19:13:20.473] [WARN] warnArchive - Estado: 404, Ruta consultada: /favicon.ico, Metodo GET
[2023-02-12T19:14:06.571] [WARN] warnArchive - Estado: 404, Ruta consultada: /favicon.ico, Metodo GET
[2023-02-12T19:14:11.621] [WARN] warnArchive - Estado: 404, Ruta consultada: /favicon.ico, Metodo GET
[2023-02-12T19:14:15.075] [WARN] warnArchive - Estado: 404, Ruta consultada: /favicon.ico, Metodo GET
[2023-02-12T19:14:21.879] [WARN] warnArchive - Estado: 404, Ruta consultada: /favicon.ico, Metodo GET
[2023-02-12T19:14:25.401] [WARN] warnArchive - Estado: 404, Ruta consultada: /favicon.ico, Metodo GET
[2023-02-12T19:14:34.832] [WARN] warnArchive - Estado: 404, Ruta consultada: /favicon.ico, Metodo GET
[2023-02-12T19:14:40.588] [WARN] warnArchive - Estado: 404, Ruta consultada: /favicon.ico, Metodo GET
[2023-02-12T19:14:43.031] [WARN] warnArchive - Estado: 404, Ruta consultada: /favicon.ico, Metodo GET
[2023-02-12T19:14:49.153] [WARN] warnArchive - Estado: 404, Ruta consultada: /favicon.ico, Metodo GET
[2023-02-12T19:15:20.262] [WARN] warnArchive - Estado: 404, Ruta consultada: /favicon.ico, Metodo GET
[2023-02-12T19:15:22.072] [WARN] warnArchive - Estado: 404, Ruta consultada: /favicon.ico, Metodo GET
[2023-02-12T19:17:57.613] [WARN] warnArchive - Estado: 404, Ruta consultada: /favicon.ico, Metodo GET
[2023-02-12T19:17:59.987] [WARN] warnArchive - Estado: 404, Ruta consultada: /api/..., Metodo GET
[2023-02-12T19:18:00.403] [WARN] warnArchive - Estado: 404, Ruta consultada: /favicon.ico, Metodo GET
[2023-02-12T19:19:43.255] [WARN] warnArchive - Estado: 404, Ruta consultada: /api/..., Metodo GET
[2023-02-12T19:19:43.689] [WARN] warnArchive - Estado: 404, Ruta consultada: /favicon.ico, Metodo GET
[2023-02-12T19:25:05.139] [WARN] warnArchive - Estado: 404, Ruta consultada: /favicon.ico, Metodo GET
[2023-02-12T19:25:39.483] [WARN] warnArchive - Estado: 404, Ruta consultada: /favicon.ico, Metodo GET
[2023-02-12T19:28:20.331] [WARN] warnArchive - Estado: 404, Ruta consultada: /favicon.ico, Metodo GET
[2023-02-12T19:28:22.573] [WARN] warnArchive - Estado: 404, Ruta consultada: /favicon.ico, Metodo GET
[2023-02-12T19:28:30.348] [WARN] warnArchive - Estado: 404, Ruta consultada: /favicon.ico, Metodo GET
[2023-02-12T19:28:32.870] [WARN] warnArchive - Estado: 404, Ruta consultada: /favicon.ico, Metodo GET
[2023-02-12T19:29:44.701] [WARN] warnArchive - Estado: 404, Ruta consultada: /favicon.ico, Metodo GET
[2023-02-12T19:29:56.210] [WARN] warnArchive - Estado: 404, Ruta consultada: /favicon.ico, Metodo GET
[2023-02-12T19:30:16.113] [WARN] warnArchive - Estado: 404, Ruta consultada: /favicon.ico, Metodo GET
[2023-02-12T19:30:37.693] [WARN] warnArchive - Estado: 404, Ruta consultada: /favicon.ico, Metodo GET
[2023-02-12T19:30:39.514] [WARN] warnArchive - Estado: 404, Ruta consultada: /favicon.ico, Metodo GET
[2023-02-12T19:30:42.065] [WARN] warnArchive - Estado: 404, Ruta consultada: /favicon.ico, Metodo GET
[2023-02-12T19:30:47.622] [WARN] warnArchive - Estado: 404, Ruta consultada: /favicon.ico, Metodo GET
[2023-02-12T19:31:11.039] [WARN] warnArchive - Estado: 404, Ruta consultada: /favicon.ico, Metodo GET
[2023-02-12T19:31:12.542] [WARN] warnArchive - Estado: 404, Ruta consultada: /favicon.ico, Metodo GET
[2023-02-12T19:31:27.602] [WARN] warnArchive - Estado: 404, Ruta consultada: /favicon.ico, Metodo GET
[2023-02-12T19:32:18.798] [WARN] warnArchive - Estado: 404, Ruta consultada: /favicon.ico, Metodo GET
[2023-02-12T19:32:22.077] [WARN] warnArchive - Estado: 404, Ruta consultada: /favicon.ico, Metodo GET
[2023-02-12T19:32:24.254] [WARN] warnArchive - Estado: 404, Ruta consultada: /favicon.ico, Metodo GET
[2023-02-12T19:32:26.017] [WARN] warnArchive - Estado: 404, Ruta consultada: /favicon.ico, Metodo GET
[2023-02-12T19:32:29.493] [WARN] warnArchive - Estado: 404, Ruta consultada: /favicon.ico, Metodo GET
[2023-02-12T19:32:33.130] [WARN] warnArchive - Estado: 404, Ruta consultada: /favicon.ico, Metodo GET
[2023-02-12T19:32:36.552] [WARN] warnArchive - Estado: 404, Ruta consultada: /favicon.ico, Metodo GET
[2023-02-12T19:32:42.073] [WARN] warnArchive - Estado: 404, Ruta consultada: /favicon.ico, Metodo GET
[2023-02-12T19:32:44.108] [WARN] warnArchive - Estado: 404, Ruta consultada: /favicon.ico, Metodo GET
[2023-02-12T19:32:48.981] [WARN] warnArchive - Estado: 404, Ruta consultada: /favicon.ico, Metodo GET
[2023-02-12T19:32:58.250] [WARN] warnArchive - Estado: 404, Ruta consultada: /favicon.ico, Metodo GET
[2023-02-12T19:33:17.893] [WARN] warnArchive - Estado: 404, Ruta consultada: /favicon.ico, Metodo GET
[2023-02-12T19:34:46.016] [WARN] warnArchive - Estado: 404, Ruta consultada: /favicon.ico, Metodo GET
[2023-02-12T19:34:55.259] [WARN] warnArchive - Estado: 404, Ruta consultada: /favicon.ico, Metodo GET
[2023-02-12T19:34:57.317] [WARN] warnArchive - Estado: 404, Ruta consultada: /favicon.ico, Metodo GET
[2023-02-12T19:35:33.936] [WARN] warnArchive - Estado: 404, Ruta consultada: /favicon.ico, Metodo GET
[2023-02-12T19:36:28.398] [WARN] warnArchive - Estado: 404, Ruta consultada: /favicon.ico, Metodo GET
[2023-02-12T19:36:42.914] [WARN] warnArchive - Estado: 404, Ruta consultada: /favicon.ico, Metodo GET
[2023-02-12T19:38:02.184] [WARN] warnArchive - Estado: 404, Ruta consultada: /favicon.ico, Metodo GET
[2023-02-12T19:38:18.024] [WARN] warnArchive - Estado: 404, Ruta consultada: /favicon.ico, Metodo GET
[2023-02-12T19:42:34.076] [WARN] warnArchive - Estado: 404, Ruta consultada: /favicon.ico, Metodo GET
[2023-02-12T19:42:47.358] [WARN] warnArchive - Estado: 404, Ruta consultada: /favicon.ico, Metodo GET
[2023-02-12T19:42:49.253] [WARN] warnArchive - Estado: 404, Ruta consultada: /favicon.ico, Metodo GET
[2023-02-12T19:42:54.213] [WARN] warnArchive - Estado: 404, Ruta consultada: /favicon.ico, Metodo GET
[2023-02-12T19:42:56.300] [WARN] warnArchive - Estado: 404, Ruta consultada: /favicon.ico, Metodo GET
[2023-02-12T19:42:58.028] [WARN] warnArchive - Estado: 404, Ruta consultada: /favicon.ico, Metodo GET
[2023-02-12T19:43:01.620] [WARN] warnArchive - Estado: 404, Ruta consultada: /favicon.ico, Metodo GET
[2023-02-12T19:43:05.854] [WARN] warnArchive - Estado: 404, Ruta consultada: /favicon.ico, Metodo GET
[2023-02-12T19:43:07.933] [WARN] warnArchive - Estado: 404, Ruta consultada: /favicon.ico, Metodo GET
[2023-02-12T19:43:10.750] [WARN] warnArchive - Estado: 404, Ruta consultada: /favicon.ico, Metodo GET
[2023-02-12T19:43:29.623] [WARN] warnArchive - Estado: 404, Ruta consultada: /favicon.ico, Metodo GET
[2023-02-12T19:43:32.377] [WARN] warnArchive - Estado: 404, Ruta consultada: /favicon.ico, Metodo GET
[2023-02-12T19:43:54.776] [WARN] warnArchive - Estado: 404, Ruta consultada: /favicon.ico, Metodo GET
[2023-03-07T08:54:06.166] [WARN] warnArchive - Estado: 404, Ruta consultada: /favicon.ico, Metodo GET
[2023-03-07T08:55:07.637] [WARN] warnArchive - Estado: 404, Ruta consultada: /favicon.ico, Metodo GET
[2023-03-07T09:02:45.614] [WARN] warnArchive - Estado: 404, Ruta consultada: /favicon.ico, Metodo GET
[2023-03-07T09:03:25.573] [WARN] warnArchive - Estado: 404, Ruta consultada: /favicon.ico, Metodo GET
[2023-03-07T09:03:29.256] [WARN] warnArchive - Estado: 404, Ruta consultada: /favicon.ico, Metodo GET
[2023-03-07T09:09:57.742] [WARN] warnArchive - Estado: 404, Ruta consultada: /favicon.ico, Metodo GET
[2023-03-07T09:10:34.958] [WARN] warnArchive - Estado: 404, Ruta consultada: /favicon.ico, Metodo GET
[2023-03-07T09:11:19.313] [WARN] warnArchive - Estado: 404, Ruta consultada: /favicon.ico, Metodo GET
[2023-03-07T09:14:31.558] [WARN] warnArchive - Estado: 404, Ruta consultada: /index.js, Metodo GET
[2023-03-07T09:14:31.948] [WARN] warnArchive - Estado: 404, Ruta consultada: /favicon.ico, Metodo GET
[2023-03-07T09:15:01.382] [WARN] warnArchive - Estado: 404, Ruta consultada: /index.js, Metodo GET
[2023-03-07T09:15:01.965] [WARN] warnArchive - Estado: 404, Ruta consultada: /favicon.ico, Metodo GET
[2023-03-07T09:16:16.858] [WARN] warnArchive - Estado: 404, Ruta consultada: /index.js, Metodo GET
[2023-03-07T09:16:17.384] [WARN] warnArchive - Estado: 404, Ruta consultada: /favicon.ico, Metodo GET
[2023-03-07T09:16:34.411] [WARN] warnArchive - Estado: 404, Ruta consultada: /index.js, Metodo GET
[2023-03-07T09:16:34.893] [WARN] warnArchive - Estado: 404, Ruta consultada: /favicon.ico, Metodo GET
[2023-03-07T09:17:21.404] [WARN] warnArchive - Estado: 404, Ruta consultada: /carlos.js, Metodo GET
[2023-03-07T09:17:21.904] [WARN] warnArchive - Estado: 404, Ruta consultada: /favicon.ico, Metodo GET
[2023-03-07T09:18:08.191] [WARN] warnArchive - Estado: 404, Ruta consultada: /carlos.js, Metodo GET
[2023-03-07T09:18:08.713] [WARN] warnArchive - Estado: 404, Ruta consultada: /favicon.ico, Metodo GET
[2023-03-07T09:18:38.060] [WARN] warnArchive - Estado: 404, Ruta consultada: /carlos.js, Metodo GET
[2023-03-07T09:18:38.598] [WARN] warnArchive - Estado: 404, Ruta consultada: /favicon.ico, Metodo GET
[2023-03-07T09:18:58.556] [WARN] warnArchive - Estado: 404, Ruta consultada: /carlos.js, Metodo GET
[2023-03-07T09:18:59.082] [WARN] warnArchive - Estado: 404, Ruta consultada: /favicon.ico, Metodo GET
[2023-03-07T09:20:36.605] [WARN] warnArchive - Estado: 404, Ruta consultada: /public/mi_script.js, Metodo GET
[2023-03-07T09:20:37.106] [WARN] warnArchive - Estado: 404, Ruta consultada: /favicon.ico, Metodo GET
[2023-03-07T09:22:38.846] [WARN] warnArchive - Estado: 404, Ruta consultada: /public/mi_script.js, Metodo GET
[2023-03-07T09:22:39.311] [WARN] warnArchive - Estado: 404, Ruta consultada: /favicon.ico, Metodo GET
[2023-03-07T09:22:59.593] [WARN] warnArchive - Estado: 404, Ruta consultada: /public/mi_script.js, Metodo GET
[2023-03-07T09:23:00.140] [WARN] warnArchive - Estado: 404, Ruta consultada: /favicon.ico, Metodo GET
[2023-03-07T09:23:37.138] [WARN] warnArchive - Estado: 404, Ruta consultada: /public/mi_script.js, Metodo GET
[2023-03-07T09:23:37.312] [WARN] warnArchive - Estado: 404, Ruta consultada: /favicon.ico, Metodo GET
[2023-03-07T09:23:46.996] [WARN] warnArchive - Estado: 404, Ruta consultada: /public/mi_script.js, Metodo GET
[2023-03-07T09:25:08.576] [WARN] warnArchive - Estado: 404, Ruta consultada: /public/mi_script.js, Metodo GET
[2023-03-07T09:25:09.103] [WARN] warnArchive - Estado: 404, Ruta consultada: /favicon.ico, Metodo GET
[2023-03-07T09:25:24.650] [WARN] warnArchive - Estado: 404, Ruta consultada: /public/mi_script.js, Metodo GET
[2023-03-07T09:25:25.270] [WARN] warnArchive - Estado: 404, Ruta consultada: /favicon.ico, Metodo GET
[2023-03-07T09:28:41.885] [WARN] warnArchive - Estado: 404, Ruta consultada: /public/mi_script.js, Metodo GET
[2023-03-07T09:28:42.368] [WARN] warnArchive - Estado: 404, Ruta consultada: /favicon.ico, Metodo GET
